#
# There is insufficient memory for the Java Runtime Environment to continue.
# Native memory allocation (malloc) failed to allocate 1048576 bytes for AllocateHeap
# Possible reasons:
#   The system is out of physical RAM or swap space
#   In 32 bit mode, the process size limit was hit
# Possible solutions:
#   Reduce memory load on the system
#   Increase physical memory or swap space
#   Check if swap backing store is full
#   Use 64 bit Java on a 64 bit OS
#   Decrease Java heap size (-Xmx/-Xms)
#   Decrease number of Java threads
#   Decrease Java thread stack sizes (-Xss)
#   Set larger code cache with -XX:ReservedCodeCacheSize=
# This output file may be truncated or incomplete.
#
#  Out of Memory Error (memory/allocation.inline.hpp:61), pid=8536, tid=0x00000000000034ec
#
# JRE version:  (8.0_131-b11) (build )
# Java VM: Java HotSpot(TM) 64-Bit Server VM (25.131-b11 mixed mode windows-amd64 compressed oops)
# Failed to write core dump. Minidumps are not enabled by default on client versions of Windows
#

---------------  T H R E A D  ---------------

Current thread (0x00000000019ae000):  JavaThread "Unknown thread" [_thread_in_vm, id=13548, stack(0x00000000031e0000,0x00000000032e0000)]

Stack: [0x00000000031e0000,0x00000000032e0000]
[error occurred during error reporting (printing stack bounds), id 0xc0000005]

Native frames: (J=compiled Java code, j=interpreted, Vv=VM code, C=native code)


---------------  P R O C E S S  ---------------

Java Threads: ( => current thread )

Other Threads:

=>0x00000000019ae000 (exited) JavaThread "Unknown thread" [_thread_in_vm, id=13548, stack(0x00000000031e0000,0x00000000032e0000)]

VM state:not at safepoint (normal execution)

VM Mutex/Monitor currently owned by a thread: None

Heap:
 PSYoungGen      total 38400K, used 665K [0x00000000d5d80000, 0x00000000d8800000, 0x0000000100000000)
  eden space 33280K, 2% used [0x00000000d5d80000,0x00000000d5e26670,0x00000000d7e00000)
  from space 5120K, 0% used [0x00000000d8300000,0x00000000d8300000,0x00000000d8800000)
  to   space 5120K, 0% used [0x00000000d7e00000,0x00000000d7e00000,0x00000000d8300000)
 ParOldGen       total 87552K, used 0K [0x0000000081800000, 0x0000000086d80000, 0x00000000d5d80000)
  object space 87552K, 0% used [0x0000000081800000,0x0000000081800000,0x0000000086d80000)
 Metaspace       used 770K, capacity 4480K, committed 4480K, reserved 1056768K
  class space    used 75K, capacity 384K, committed 384K, reserved 1048576K

Card table byte_map: [0x0000000012830000,0x0000000012c30000] byte_map_base: 0x0000000012424000

Marking Bits: (ParMarkBitMap*) 0x000000006602c720
 Begin Bits: [0x00000000132e0000, 0x0000000015280000)
 End Bits:   [0x0000000015280000, 0x0000000017220000)

Polling page: 0x0000000001500000

CodeCache: size=245760Kb used=328Kb max_used=328Kb free=245431Kb
 bounds [0x0000000003470000, 0x00000000036e0000, 0x0000000012470000]
 total_blobs=58 nmethods=0 adapters=38
 compilation: enabled

Compilation events (0 events):
No events

GC Heap History (0 events):
No events

Deoptimization events (0 events):
No events

Internal exceptions (0 events):
No events

Events (10 events):
Event: 0.479 loading class java/lang/Short
Event: 0.480 loading class java/lang/Short done
Event: 0.480 loading class java/lang/Integer
Event: 0.481 loading class java/lang/Integer done
Event: 0.481 loading class java/lang/Long
Event: 0.482 loading class java/lang/Long done
Event: 0.485 loading class java/lang/NullPointerException
Event: 0.485 loading class java/lang/NullPointerException done
Event: 0.485 loading class java/lang/ArithmeticException
Event: 0.485 loading class java/lang/ArithmeticException done


Dynamic libraries:
0x00007ff774620000 - 0x00007ff774657000 	C:\Program Files\Java\jdk1.8.0_131\bin\java.exe
0x00007fffaff00000 - 0x00007fffb00db000 	C:\WINDOWS\SYSTEM32\ntdll.dll
0x00007fffaf070000 - 0x00007fffaf11e000 	C:\WINDOWS\System32\KERNEL32.DLL
0x00007fffac470000 - 0x00007fffac6b9000 	C:\WINDOWS\System32\KERNELBASE.dll
0x00007fffad460000 - 0x00007fffad501000 	C:\WINDOWS\System32\ADVAPI32.dll
0x00007fffafdd0000 - 0x00007fffafe6d000 	C:\WINDOWS\System32\msvcrt.dll
0x00007fffaf2b0000 - 0x00007fffaf309000 	C:\WINDOWS\System32\sechost.dll
0x00007fffaf460000 - 0x00007fffaf585000 	C:\WINDOWS\System32\RPCRT4.dll
0x00007fffaee70000 - 0x00007fffaefba000 	C:\WINDOWS\System32\USER32.dll
0x00007fffaca20000 - 0x00007fffaca3e000 	C:\WINDOWS\System32\win32u.dll
0x00007fffaf220000 - 0x00007fffaf247000 	C:\WINDOWS\System32\GDI32.dll
0x00007fffac6c0000 - 0x00007fffac848000 	C:\WINDOWS\System32\gdi32full.dll
0x00007fffacc50000 - 0x00007fffaccea000 	C:\WINDOWS\System32\msvcp_win.dll
0x00007fffacaf0000 - 0x00007fffacbe6000 	C:\WINDOWS\System32\ucrtbase.dll
0x00007fffa53b0000 - 0x00007fffa5617000 	C:\WINDOWS\WinSxS\amd64_microsoft.windows.common-controls_6595b64144ccf1df_6.0.15063.0_none_108e4f62dfe5d999\COMCTL32.dll
0x00007fffaf700000 - 0x00007fffaf9f9000 	C:\WINDOWS\System32\combase.dll
0x00007fffad3f0000 - 0x00007fffad45a000 	C:\WINDOWS\System32\bcryptPrimitives.dll
0x00007fffaf430000 - 0x00007fffaf45d000 	C:\WINDOWS\System32\IMM32.DLL
0x0000000067520000 - 0x00000000675f2000 	C:\Program Files\Java\jdk1.8.0_131\jre\bin\msvcr100.dll
0x0000000065810000 - 0x00000000660ac000 	C:\Program Files\Java\jdk1.8.0_131\jre\bin\server\jvm.dll
0x00007fffaf310000 - 0x00007fffaf318000 	C:\WINDOWS\System32\PSAPI.DLL
0x00007fffa13b0000 - 0x00007fffa13b9000 	C:\WINDOWS\SYSTEM32\WSOCK32.dll
0x00007fffa6120000 - 0x00007fffa6143000 	C:\WINDOWS\SYSTEM32\WINMM.dll
0x00007fffaee00000 - 0x00007fffaee6c000 	C:\WINDOWS\System32\WS2_32.dll
0x00007fffa65c0000 - 0x00007fffa65ca000 	C:\WINDOWS\SYSTEM32\VERSION.dll
0x00007fffa60c0000 - 0x00007fffa60eb000 	C:\WINDOWS\SYSTEM32\winmmbase.dll
0x00007fffac420000 - 0x00007fffac469000 	C:\WINDOWS\System32\cfgmgr32.dll
0x0000000067b90000 - 0x0000000067b9f000 	C:\Program Files\Java\jdk1.8.0_131\jre\bin\verify.dll
0x00000000674f0000 - 0x0000000067519000 	C:\Program Files\Java\jdk1.8.0_131\jre\bin\java.dll
0x00000000674d0000 - 0x00000000674e6000 	C:\Program Files\Java\jdk1.8.0_131\jre\bin\zip.dll

VM Arguments:
jvm_args: -Dorg.gradle.appname=gradlew 
java_command: org.gradle.wrapper.GradleWrapperMain installDebug
java_class_path (initial): C:\Users\Appu\ReactNative\CloudComparator\android\\gradle\wrapper\gradle-wrapper.jar
Launcher Type: SUN_STANDARD

Environment Variables:
JAVA_HOME=C:\Program Files\Java\jdk1.8.0_131
CLASSPATH=C:\Users\Appu\ReactNative\CloudComparator\android\\gradle\wrapper\gradle-wrapper.jar
PATH=C:\Program Files (x86)\Intel\iCLS Client\;C:\Program Files\Intel\iCLS Client\;C:\ProgramData\Oracle\Java\javapath;C:\WINDOWS\system32;C:\WINDOWS;C:\WINDOWS\System32\Wbem;C:\WINDOWS\System32\WindowsPowerShell\v1.0\;C:\Program Files (x86)\NVIDIA Corporation\PhysX\Common;C:\Program Files\MATLAB\R2015b\runtime\win64;C:\Program Files\MATLAB\R2015b\bin;C:\Program Files\MATLAB\MATLAB Production Server\R2015a\runtime\win64;C:\Program Files\MATLAB\MATLAB Production Server\R2015a\bin;C:\Program Files\MATLAB\MATLAB Production Server\R2015a\polyspace\bin;C:\Program Files (x86)\Intel\Intel(R) Management Engine Components\DAL;C:\Program Files\Intel\Intel(R) Management Engine Components\DAL;C:\Program Files (x86)\Intel\Intel(R) Management Engine Components\IPT;C:\Program Files\Intel\Intel(R) Management Engine Components\IPT;C:\WINDOWS\system32;C:\WINDOWS;C:\WINDOWS\System32\Wbem;C:\WINDOWS\System32\WindowsPowerShell\v1.0\;C:\Users\Appu\Desktop\MinGW\bin\;C:\Program Files (x86)\Windows Kits\8.1\Windows Performance Toolkit\;C:\Program Files\Microsoft SQL Server\110\Tools\Binn\;C:\Program Files (x86)\Microsoft SDKs\TypeScript\1.0\;C:\Program Files\Microsoft SQL Server\120\Tools\Binn\;C:\ProgramData\chocolatey\bin;C:\Program Files\nodejs\;C:\Program Files\Java\jdk1.8.0_131\bin;C:\Program Files (x86)\Yarn\bin;C:\Program Files (x86)\Skype\Phone\;C:\Users\Appu\Anaconda3;C:\Users\Appu\Anaconda3\Scripts;C:\Users\Appu\Anaconda3\Library\bin;C:\Users\Appu\AppData\Local\Microsoft\WindowsApps;C:\Users\Appu\AppData\Roaming\npm;C:\Users\Appu\AppData\Local\Yarn\bin;C:\Users\Appu\AppData\Local\Android\sdk\platform-tools;
USERNAME=Appu
OS=Windows_NT
PROCESSOR_IDENTIFIER=Intel64 Family 6 Model 69 Stepping 1, GenuineIntel



---------------  S Y S T E M  ---------------

OS: Windows 10.0 , 64 bit Build 15063 (10.0.15063.296)

CPU:total 4 (initial active 4) (2 cores per cpu, 2 threads per core) family 6 model 69 stepping 1, cmov, cx8, fxsr, mmx, sse, sse2, sse3, ssse3, sse4.1, sse4.2, popcnt, avx, avx2, aes, clmul, erms, lzcnt, ht, tsc, tscinvbit, bmi1, bmi2

Memory: 4k page, physical 8290116k(387040k free), swap 10242884k(6548k free)

vm_info: Java HotSpot(TM) 64-Bit Server VM (25.131-b11) for windows-amd64 JRE (1.8.0_131-b11), built on Mar 15 2017 01:23:53 by "java_re" with MS VC++ 10.0 (VS2010)

time: Thu Jun 22 15:57:31 2017
elapsed time: 0 seconds (0d 0h 0m 0s)

